0:100  0:100  MemLog inited, TSC freq: 1798224910
0:100  0:000  CPU was calibrated with RTC
0:100  0:000  
0:100  0:000  Now is 6.3.2018,  17:47:30 (GMT)
0:100  0:000  Starting Clover revision: 4411 on INSYDE Corp. EFI
0:100  0:000  Build with: [Args: -D NO_GRUB_DRIVERS_EMBEDDED -t XCODE8 | -D NO_GRUB_DRIVERS_EMBEDDED -D USE_LOW_EBDA -a X64 -b RELEASE -t XCODE8 -n 5 | OS: 10.12.6 | XCODE: 9.2]
0:100  0:000  SelfDevicePath=PciRoot(0x0)\Pci(0x17,0x0)\Sata(0x2,0x0,0x0)\HD(1,GPT,19F58CBC-27D5-4B90-ADC8-F4426BA62692,0x28,0x64000) @7A40F3D8
0:100  0:000  SelfDirPath = \EFI\BOOT
0:100  0:000  === [ Get Smbios ] ========================================
0:100  0:000  Type 16 Index = 0
0:100  0:000  Total Memory Slots Count = 2
0:100  0:000  Type 17 Index = 0
0:100  0:000  SmbiosTable.Type17->Speed = 1600MHz
0:100  0:000  SmbiosTable.Type17->Size = 8192MB
0:100  0:000  SmbiosTable.Type17->Bank/Device = BANK 0 ChannelA-DIMM0
0:100  0:000  SmbiosTable.Type17->Vendor = Samsung
0:100  0:000  SmbiosTable.Type17->SerialNumber = 38DAF059
0:100  0:000  SmbiosTable.Type17->PartNumber = M471B1G73DB0-YK0  
0:100  0:000  Type 17 Index = 1
0:100  0:000  SmbiosTable.Type17->Speed = 1600MHz
0:100  0:000  SmbiosTable.Type17->Size = 4096MB
0:100  0:000  SmbiosTable.Type17->Bank/Device = BANK 2 ChannelB-DIMM0
0:100  0:000  SmbiosTable.Type17->Vendor = Kingston
0:100  0:000  SmbiosTable.Type17->SerialNumber = 1331D87B
0:100  0:000  SmbiosTable.Type17->PartNumber = ACR16D3LS1KBGR/4G 
0:100  0:000  Boot status=0
0:100  0:000  Running on: 'Aspire E5-576' with board 'Ironman_SK'
0:100  0:000  === [ GetCPUProperties ] ==================================
0:100  0:000  CPU Vendor = 756E6547 Model=806EA
0:100  0:000   The CPU supported SSE4.1
0:100  0:000  BrandString = Intel(R) Core(TM) i5-8250U CPU @ 1.60GHz
0:100  0:000   The CPU supported turbo
0:100  0:000  MSR 0x35               40008
0:100  0:000   TSC/CCC Information Leaf:
0:100  0:000    numerator     : 150
0:100  0:000    denominator   : 2
0:100  0:000   Calibrated ARTFrequency: 23976332
0:100  0:000  MSR 0xE2 before patch 7E008006
0:100  0:000  MSR 0xE2 is locked, PM patches will be turned on
0:100  0:000  MSR 0xCE              0004043D_F1011200
0:100  0:000  corrected FLEX_RATIO = 0
0:100  0:000  MSR 0x1B0             00000000
0:100  0:000  FSBFrequency = 156 MHz, DMI FSBFrequency = 100 MHz, Corrected FSBFrequency = 100 MHz
0:100  0:000  MaxDiv/MinDiv: 18.0/4
0:100  0:000  Turbo: 34/34/34/34
0:100  0:000  Features: 0xBFEBFBFF
0:100  0:000  Threads: 8
0:100  0:000  Cores: 4
0:100  0:000  FSB: 100 MHz
0:100  0:000  CPU: 2800 MHz
0:100  0:000  TSC: 2800 MHz
0:100  0:000  PIS: 100 MHz
0:100  0:000  ExternalClock: 25 MHz
0:100  0:000  === [ GetDevices ] ========================================
0:100  0:000  PCI (00|00:00.00) : 8086 5914 class=060000
0:100  0:000  PCI (00|00:02.00) : 8086 5917 class=030000
0:100  0:000   - GFX: Model=Intel UHD Graphics 620 (Intel)
0:100  0:000  PCI (00|00:14.00) : 8086 9D2F class=0C0330
0:100  0:000  PCI (00|00:14.02) : 8086 9D31 class=118000
0:100  0:000  PCI (00|00:15.00) : 8086 9D60 class=118000
0:100  0:000  PCI (00|00:16.00) : 8086 9D3A class=078000
0:100  0:000  PCI (00|00:17.00) : 8086 9D03 class=010601
0:100  0:000  PCI (00|00:1D.00) : 8086 9D18 class=060400
0:100  0:000  PCI (00|00:1D.02) : 8086 9D1A class=060400
0:100  0:000  PCI (00|02:00.00) : 14E4 43B1 class=028000
0:100  0:000   - WIFI: Vendor=Broadcom
0:100  0:000  PCI (00|00:1D.03) : 8086 9D1B class=060400
0:100  0:000  PCI (00|03:00.00) : 10EC 5287 class=FF0000
0:100  0:000  PCI (00|03:00.01) : 10EC 8168 class=020000
0:100  0:000   - LAN: 0 Vendor=Realtek
0:100  0:000  PCI (00|00:1F.00) : 8086 9D4E class=060100
0:100  0:000  PCI (00|00:1F.02) : 8086 9D21 class=058000
0:100  0:000  PCI (00|00:1F.03) : 8086 9D71 class=040300
0:100  0:000  PCI (00|00:1F.04) : 8086 9D23 class=0C0500
0:100  0:000  === [ GetDefaultSettings ] ================================
0:100  0:000  Clover load options size = 0 bytes
0:104  0:003  EFI\CLOVER\config.plist loaded: Success
0:108  0:004  === [ GetListOfThemes ] ===================================
0:109  0:000  - [00]: embedded
0:109  0:000  - [00]: random
0:110  0:000  - [00]: mac
0:111  0:001  - [01]: One
0:112  0:000  - [02]: Simple Grey Rounds
0:113  0:001  === [ Found config plists ] ===============================
0:113  0:000  - config.plist
0:114  0:000  === [ GetEarlyUserSettings ] ==============================
0:114  0:000  timeout set to 5
0:114  0:000  Custom boot CUSTOM_BOOT_DISABLED (0x0)
0:114  0:000  ForceKextsToLoad: 1 requested
0:114  0:000   - [0]: System\Library\Extensions\IONetworkingFamily.kext
0:114  0:000  KextsToPatch: 15 requested
0:114  0:000   - [00]: com.apple.driver.AirPort.Brcm4360 (10.12+-BCM94352-fvco-darkvoid) :: MatchOS: 10.12.x :: BinPatch :: data len: 8
0:114  0:000   - [01]: com.apple.driver.AirPort.Brcm4360 (10.11+-BCM94352-CC-Sebinouse-(edit 55 53 to CC)) :: MatchOS: 10.11.x,10.12.x :: BinPatch :: data len: 7
0:114  0:000   - [02]: com.apple.iokit.IOBluetoothFamily (10.11+-BT4LE-Handoff-Hotspot-lisai9093) :: MatchOS: 10.11.x,10.12.x,10.13.x :: BinPatch :: data len: 8
0:114  0:000   - [03]: com.apple.iokit.IOBluetoothFamily
<!DOCTYPE plist PUBLIC "-//Apple//DTD PLIST 1.0//EN" "http://www.apple.com/DTDs/PropertyList-1.0.dtd">
<plist version="1.0">
<string>com.apple.iokit.IOBluetoothFamily</string>
</plist>
 (10.10.2+-BT4LE-Handoff-Hotspot-Do :: MatchOS: 10.10.2,10.10.3,10.10.4,10.10.5 :: BinPatch :: data len: 8
0:114  0:000   - patch disabled at config
0:114  0:000   - [04]: com.apple.driver.AirPort.Brcm4360 (10.10+-BCM94352-Airport-Extreme-Skvo) :: MatchOS: 10.10.x,10.11.x,10.12.x,10.13.x :: BinPatch :: data len: 6
0:114  0:000   - [05]: com.apple.driver.AirPort.Brcm4360 (10.11+-BCM94352-CC=XT-Skvo) :: MatchOS: 10.11.x,10.12.x :: BinPatch :: data len: 9
0:114  0:000   - [06]: com.apple.driver.AirPort.Brcm4360 (10.11+-BCM94352-CC=#a-Ramalama) :: MatchOS: 10.11.x,10.12.x :: BinPatch :: data len: 7
0:114  0:000   - [07]: com.apple.driver.AppleIntelKBLGraphicsFramebuffer (0x591b0000, 0105 instead of 0306, HDMI) :: BinPatch :: data len: 36
0:114  0:000   - [08]: com.apple.driver.AppleIntelKBLGraphicsFramebuffer (0x591b0000, 32MB BIOS, 19MB framebuffer 9MB cursor bytes (credit RehabMan)) :: BinPatch :: data len: 8
0:114  0:000   - [09]: com.apple.driver.AppleBacklight (change F%uT%04x to F%uTxxxx in AppleBacklightInjector.kext (credit RehabMan)) :: BinPatch :: data len: 9
0:114  0:000   - [10]: com.apple.iokit.IOGraphicsFamily (Boot graphics glitch, 10.12.dp1 (credit denskop)) :: MatchOS: 10.12.x :: BinPatch :: data len: 5
0:114  0:000   - [11]: com.apple.iokit.IOAHCIBlockStorage (Enable TRIM for non-Apple SSDs) :: BinPatch :: data len: 11
0:114  0:000   - [12]: com.apple.driver.AppleHDA (AppleHDA .xml.zl to .zml.zl) :: MatchOS: 10.10.x,10.11.x,10.12.x :: BinPatch :: data len: 7
0:114  0:000   - patch disabled at config
0:114  0:000   - [13]: com.apple.driver.usb.AppleUSBXHCIPCI (change 15 port limit to 26 in XHCI kext (100-series)) :: MatchOS: 10.12.x :: BinPatch :: data len: 7
0:114  0:000   - patch disabled at config
0:114  0:000   - [14]: AppleIntelFramebufferCapri (Max Brightness) :: BinPatch :: data len: 10
0:114  0:000   - patch disabled at config
0:114  0:000  KernelToPatch: 1 requested
0:114  0:000   - [00]: MSR 0xE2 _xcpm_idle instant reboot(c) Pike R. Alpha :: data len: 8
0:114  0:000  Default theme: One
0:114  0:000  Hiding entries with string Preboot
0:114  0:000  Hiding entries with string Recovery HD
0:114  0:000  Hiding entries with string Windows
0:114  0:000  Hiding entries with string HD(1,GPT,CC6AFB63-8767-4C27-A168-F51E87B992CA,0x800,0x64000)
0:114  0:000   Custom EDID is ok
0:114  0:000  === [ LoadDrivers ] =======================================
0:116  0:001  Loading AppleImageCodec-64.efi  status=Success
0:118  0:001  Loading AppleKeyAggregator-64.efi  status=Success
0:119  0:001  Loading AppleUITheme-64.efi  status=Success
0:121  0:001  Loading DataHubDxe-64.efi  status=Success
0:123  0:001  Loading FirmwareVolume-64.efi  status=Success
0:125  0:001  Loading FSInject-64.efi  status=Success
0:126  0:001  Loading OsxAptioFixDrv-64.efi  status=Success
0:128  0:001  Loading SMCHelper-64.efi  status=Success
0:130  0:001  Loading HFSPlus.efi  status=Success
0:132  0:001   - driver needs connecting
0:132  0:000  1 drivers needs connecting ...
0:132  0:000  PlatformDriverOverrideProtocol->GetDriver overriden
0:132  0:000  HFS+ driver loaded
0:132  0:000  Searching for invalid DiskIo BY_DRIVER connects: not found, all ok
0:296  0:164  === [ InitScreen ] ========================================
0:296  0:000  SetScreenResolution: 1920x1080 - already set
0:296  0:000  Console modes reported: 7, available modes:
0:296  0:000   - [01]: 80x25
0:296  0:000   - [02]: 80x50
0:296  0:000   - [03]: 80x25
0:296  0:000   - [04]: 240x56 (current mode)
0:296  0:000   - [05]: 100x31
0:296  0:000   - [06]: 128x40
0:296  0:000   - [07]: 160x53
0:296  0:000  SetScreenResolution: 1920x1080 - already set
0:297  0:000  reinit: self device path=PciRoot(0x0)\Pci(0x17,0x0)\Sata(0x2,0x0,0x0)\HD(1,GPT,19F58CBC-27D5-4B90-ADC8-F4426BA62692,0x28,0x64000)
0:297  0:000  Using embedded font: Success
0:298  0:000  === [ GetMacAddress ] =====================================
0:298  0:000  === [ ScanSPD ] ===========================================
0:298  0:000  SMBus device : 8086 9D23 class=0C0500 status=Success
0:298  0:000  SMBus CmdReg: 0x3
0:298  0:000  Scanning SMBus [8086:9D23], mmio: 0xB142E004, ioport: 0x4040, hostc: 0x1
0:298  0:000  Slots to scan [8]...
0:298  0:000  SPD[0]: Type 11 @0x50
0:317  0:018  Not using XMP because it is not present
0:317  0:000  DDR speed 1600MHz
0:317  0:000  Slot: 0 Type 24 8192MB 1600MHz Vendor=Samsung PartNo=M471B1G73DB0-YK0 SerialNo=03080D0A0F000509
0:317  0:000  SPD[2]: Type 11 @0x52
0:335  0:018  Not using XMP because it is not present
0:335  0:000  DDR speed 1600MHz
0:335  0:000  Slot: 2 Type 24 4096MB 1600MHz Vendor=Kingston PartNo=ACR16D3LS1KBGR4G SerialNo=010303010D08070B
0:336  0:000  === [ GetAcpiTablesList ] =================================
0:336  0:000  Get Acpi Tables List from RSDT:
0:336  0:000   - [00]: FACP  ACRPRDCT len=268
0:336  0:000   - [01]: UEFI  ACRPRDCT len=66
0:336  0:000   - [02]: SSDT  ACRPRDCT len=1219
0:336  0:000   - [03]: TPM2  ACRPRDCT len=52
0:336  0:000   - [04]: SSDT  ACRPRDCT len=2060
0:336  0:000   - [05]: ASPT  ACRPRDCT len=52
0:336  0:000   - [06]: DBGP  ACRPRDCT len=52
0:336  0:000   - [07]: APIC  ACRPRDCT len=188
0:336  0:000   - [08]: SSDT  ACRPRDCT len=444
0:336  0:000   - [09]: WSMT  ACRPRDCT len=40
0:336  0:000   - [10]: SSDT  ACRPRDCT len=838
0:336  0:000   - [11]: DBGP  ACRPRDCT len=52
0:336  0:000   - [12]: DMAR  ACRPRDCT len=204
0:336  0:000   - [13]: FPDT  ACRPRDCT len=68
0:336  0:000   - [14]: UEFI  ACRPRDCT len=566
0:336  0:000   - [15]: SSDT  ACRPRDCT len=70
0:336  0:000   - [16]: ASF!  ACRPRDCT len=165
0:336  0:000   - [17]: HPET  ACRPRDCT len=56
0:336  0:000   - [18]: LPIT  ACRPRDCT len=148
0:336  0:000   - [19]: SSDT  ACRPRDCT len=1310
0:336  0:000   - [20]: SSDT  ACRPRDCT len=3806
0:336  0:000   - [21]: BGRT  ACRPRDCT len=56
0:336  0:000   - [22]: SSDT  ACRPRDCT len=12671
0:336  0:000   - [23]: MCFG  ACRPRDCT len=60
0:336  0:000   - [24]: DBG2  ACRPRDCT len=84
0:336  0:000   - [25]: SSDT  ACRPRDCT len=22138
0:336  0:000   - [26]: SSDT  ACRPRDCT len=671
0:336  0:000   - [27]: BOOT  ACRPRDCT len=40
0:336  0:000  Calibrated TSC Frequency = 1798224910 = 1798MHz
0:336  0:000  === [ GetUserSettings ] ===================================
0:336  0:000   Custom EDID is ok
0:336  0:000  Can't install EdidOverride on ImageHandle
0:336  0:000  USB FixOwnership: yes
0:336  0:000  Dropping 3 tables:
0:336  0:000   - [00]: Drop table  signature="#MCF" (46434D23)
0:336  0:000           - set table: 46434D23,                0 to drop: no
0:336  0:000   - [01]: Drop table  signature="DMAR" (52414D44)
0:336  0:000           - set table: 52414D44,                0 to drop: yes
0:336  0:000   - [02]: Drop table  signature="SSDT" (54445353) table-id="xh_rvp10" (30317076725F6878)
0:336  0:000           - set table: 54445353, 30317076725F6878 to drop: no
0:336  0:000   - final DSDT Fix mask=20000000
0:336  0:000  PatchesDSDT: 12 requested
0:336  0:000   - [00]: (change OSID to XSID (to avoid match against _OSI XOSI patch)) lenToFind: 4, lenToReplace: 4, Target Bridge: <null string>
0:336  0:000    patch disabled at config
0:336  0:000   - [01]: (change _OSI to XOSI) lenToFind: 4, lenToReplace: 4, Target Bridge: <null string>
0:336  0:000    patch disabled at config
0:336  0:000   - [02]: (change _DSM to XDSM) lenToFind: 4, lenToReplace: 4, Target Bridge: <null string>
0:336  0:000    patch disabled at config
0:336  0:000   - [03]: (change EC0 to EC) lenToFind: 4, lenToReplace: 4, Target Bridge: <null string>
0:336  0:000    patch disabled at config
0:336  0:000   - [04]: (change H_EC to EC) lenToFind: 4, lenToReplace: 4, Target Bridge: <null string>
0:336  0:000    patch disabled at config
0:336  0:000   - [05]: (change ECDV to EC) lenToFind: 4, lenToReplace: 4, Target Bridge: <null string>
0:336  0:000    patch disabled at config
0:336  0:000   - [06]: (change HDAS to HDEF) lenToFind: 4, lenToReplace: 4, Target Bridge: <null string>
0:336  0:000   - [07]: (change HECI to IMEI) lenToFind: 4, lenToReplace: 4, Target Bridge: <null string>
0:336  0:000   - [08]: (change MEI to IMEI) lenToFind: 4, lenToReplace: 4, Target Bridge: <null string>
0:336  0:000   - [09]: (change GFX0 to IGPU) lenToFind: 4, lenToReplace: 4, Target Bridge: <null string>
0:336  0:000   - [10]: (change PCI0.VID to IGPU #1 (Thinkpad)) lenToFind: 8, lenToReplace: 8, Target Bridge: <null string>
0:336  0:000    patch disabled at config
0:336  0:000   - [11]: (change PCI0.VID to IGPU #2 (Thinkpad)) lenToFind: 14, lenToReplace: 14, Target Bridge: <null string>
0:336  0:000    patch disabled at config
0:336  0:000  Using ProductName from config: MacBookAir6,2
0:336  0:000  BiosVersion: not set, Using BiosVersion from clover
0:336  0:000  BiosVersion: MBA61.88Z.0103.B00.1708080653
0:336  0:000  BiosReleaseDate: 08/08/2017
0:336  0:000  Using FirmwareFeatures from clover: 0xE00FE137
0:336  0:000  Using FirmwareFeaturesMask from clover: 0xFF1FFF3F
0:336  0:000  PlatformFeature will not set in SMBIOS
0:917  0:581  === [ ScanVolumes ] =======================================
0:917  0:000  Found 11 volumes with blockIO
0:917  0:000  - [00]: Volume: PciRoot(0x0)\Pci(0x17,0x0)\Sata(0x0,0x0,0x0)
0:917  0:000  - [01]: Volume: PciRoot(0x0)\Pci(0x17,0x0)\Sata(0x1,0x0,0x0)
0:918  0:000  - [02]: Volume: PciRoot(0x0)\Pci(0x17,0x0)\Sata(0x2,0x0,0x0)
0:919  0:000  - [03]: Volume: PciRoot(0x0)\Pci(0x17,0x0)\Sata(0x0,0x0,0x0)\HD(1,GPT,CC6AFB63-8767-4C27-A168-F51E87B992CA,0x800,0x64000)
0:919  0:000          Result of bootcode detection: bootable Windows (vista,win)
0:919  0:000          hiding this volume
0:919  0:000  - [04]: Volume: PciRoot(0x0)\Pci(0x17,0x0)\Sata(0x0,0x0,0x0)\HD(2,GPT,6FE879AC-DB9D-11E6-95D9-00158318C864,0x64800,0x1DADE17C)
0:919  0:000          Result of bootcode detection: bootable Windows (vista,win)
0:919  0:000  - [05]: Volume: PciRoot(0x0)\Pci(0x17,0x0)\Sata(0x0,0x0,0x0)\HD(3,GPT,FAAAAAA0-8B4A-423A-A407-D442ADDC01E6,0x1DB43000,0x1AEFFF)
0:919  0:000          Result of bootcode detection: bootable Windows (vista,win)
0:919  0:000  - [06]: Volume: PciRoot(0x0)\Pci(0x17,0x0)\Sata(0x1,0x0,0x0)\HD(1,GPT,7757620A-BE0E-4E4E-B9F0-CDD6ABCA4189,0x800,0x100000)
0:919  0:000          Result of bootcode detection: bootable unknown (legacy)
0:919  0:000  - [07]: Volume: PciRoot(0x0)\Pci(0x17,0x0)\Sata(0x1,0x0,0x0)\HD(2,GPT,EA5A9D04-1555-423C-AB06-AAB06C7F26E0,0x100800,0x7640000)
0:920  0:000  - [08]: Volume: PciRoot(0x0)\Pci(0x17,0x0)\Sata(0x2,0x0,0x0)\HD(1,GPT,19F58CBC-27D5-4B90-ADC8-F4426BA62692,0x28,0x64000)
0:920  0:000          Result of bootcode detection: bootable unknown (legacy)
0:921  0:000          This is SelfVolume !!
0:921  0:000  - [09]: Volume: PciRoot(0x0)\Pci(0x17,0x0)\Sata(0x2,0x0,0x0)\HD(2,GPT,A0D9BAA8-16CF-45CE-8795-66597D222614,0x64028,0xECE2340)
0:921  0:000  - [10]: Volume: PciRoot(0x0)\Pci(0x17,0x0)\Sata(0x2,0x0,0x0)\HD(3,GPT,203C3965-DE9E-4B0A-8793-29A1440220A6,0xED46368,0x135F20)
0:921  0:000          hiding this volume
0:921  0:000  === [ InitTheme ] =========================================
0:931  0:009  Using theme 'One' (EFI\CLOVER\themes\One)
0:931  0:000  OS main and drive as badge
0:932  0:001  Loading font from ThemeDir: Success
0:933  0:000  Choosing theme One
0:933  0:000  after NVRAM boot-args=kext-dev-mode=1 dart=0 darkwake=0
0:933  0:000  === [ Dump SMC keys from NVRAM ] ==========================
0:933  0:000  found AppleSMC protocol
0:950  0:017  Registered 0 SMC keys
0:991  0:040  === [ AddCustomEntries ] ==================================
0:991  0:000  Custom entry 0 skipped because it is hidden.
0:991  0:000  Custom entry 1 skipped because it is hidden.
0:991  0:000  === [ ScanLoader ] ========================================
0:991  0:000  - [03]: 'ESD', hidden
0:991  0:000  - [06]: 'EFI'
0:991  0:000  - [08]: 'EFI'
0:992  0:000  - [09]: 'osx'
0:993  0:001          AddLoaderEntry for Volume Name=osx
0:993  0:000      Not match custom entry 0: Type: not match
0:993  0:000      Not match custom entry 1: Type: not match
0:997  0:003      hibernated: set as never
1:000  0:003  - [10]: 'Recovery HD', hidden
1:000  0:000  === [ AddCustomTool ] =====================================
1:001  0:001  found tool \EFI\CLOVER\tools\Shell64U.efi
1:001  0:000  Checking EFI partition Volume 3 for Clover
1:001  0:000  Checking EFI partition Volume 6 for Clover
1:001  0:000  Checking EFI partition Volume 8 for Clover
1:001  0:000   Found Clover
1:003  0:001  === [ GetEfiBootDeviceFromNvram ] =========================
1:003  0:000  Default boot entry not found
1:003  0:000  DefaultIndex=-1 and MainMenu.EntryCount=7
1:231  0:228  GUI ready
4:285  3:053  BootVariable of the entry is empty
4:285  0:000  === [ StartLoader ] =======================================
4:285  0:000  Finally: ExternalClock=24MHz BusSpeed=99901kHz CPUFreq=1798MHz PIS: hw.busfrequency=96000000Hz
4:285  0:000  Loading boot.efi  status=Success
4:328  0:043  GetOSVersion: 10.12.6 (16G1212)
4:328  0:000  CSR_CFG: CSR_ALLOW_UNTRUSTED_KEXTS | CSR_ALLOW_UNRESTRICTED_FS | CSR_ALLOW_TASK_FOR_PID | CSR_ALLOW_UNRESTRICTED_DTRACE | CSR_ALLOW_UNRESTRICTED_NVRAM
4:328  0:000  Filtering KextPatches:
4:328  0:000   - [00]: com.apple.driver.AirPort.Brcm4360 (10.12+-BCM94352-fvco-darkvoid) :: BinPatch :: [OS: 10.12.6 | MatchOS: 10.12.x | MatchBuild: All] ==> allowed
4:328  0:000   - [01]: com.apple.driver.AirPort.Brcm4360 (10.11+-BCM94352-CC-Sebinouse-(edit 55 53 to CC)) :: BinPatch :: [OS: 10.12.6 | MatchOS: 10.11.x,10.12.x | MatchBuild: All] ==> allowed
4:328  0:000   - [02]: com.apple.iokit.IOBluetoothFamily (10.11+-BT4LE-Handoff-Hotspot-lisai9093) :: BinPatch :: [OS: 10.12.6 | MatchOS: 10.11.x,10.12.x,10.13.x | MatchBuild: All] ==> allowed
4:328  0:000   - [03]: com.apple.iokit.IOBluetoothFamily
<!DOCTYPE plist PUBLIC "-//Apple//DTD PLIST 1.0//EN" "http://www.apple.com/DTDs/PropertyList-1.0.dtd">
<plist version="1.0">
<string>com.apple.iokit.IOBluetoothFamily</string>
</plist>
 (10.10.2+-BT4LE-Handoff-Hotspot-Do :: BinPatch :: [OS: 10.12.6 | MatchOS: 10.10.2,10.10.3,10.10.4,10.10.5 | MatchBuild: All] ==> disabled by user
4:328  0:000   - [04]: com.apple.driver.AirPort.Brcm4360 (10.10+-BCM94352-Airport-Extreme-Skvo) :: BinPatch :: [OS: 10.12.6 | MatchOS: 10.10.x,10.11.x,10.12.x,10.13.x | MatchBuild: All] ==> allowed
4:328  0:000   - [05]: com.apple.driver.AirPort.Brcm4360 (10.11+-BCM94352-CC=XT-Skvo) :: BinPatch :: [OS: 10.12.6 | MatchOS: 10.11.x,10.12.x | MatchBuild: All] ==> allowed
4:328  0:000   - [06]: com.apple.driver.AirPort.Brcm4360 (10.11+-BCM94352-CC=#a-Ramalama) :: BinPatch :: [OS: 10.12.6 | MatchOS: 10.11.x,10.12.x | MatchBuild: All] ==> allowed
4:328  0:000   - [07]: com.apple.driver.AppleIntelKBLGraphicsFramebuffer (0x591b0000, 0105 instead of 0306, HDMI) :: BinPatch :: [OS: 10.12.6 | MatchOS: All | MatchBuild: All] ==> allowed
4:328  0:000   - [08]: com.apple.driver.AppleIntelKBLGraphicsFramebuffer (0x591b0000, 32MB BIOS, 19MB framebuffer 9MB cursor bytes (credit RehabMan)) :: BinPatch :: [OS: 10.12.6 | MatchOS: All | MatchBuild: All] ==> allowed
4:328  0:000   - [09]: com.apple.driver.AppleBacklight (change F%uT%04x to F%uTxxxx in AppleBacklightInjector.kext (credit RehabMan)) :: BinPatch :: [OS: 10.12.6 | MatchOS: All | MatchBuild: All] ==> allowed
4:328  0:000   - [10]: com.apple.iokit.IOGraphicsFamily (Boot graphics glitch, 10.12.dp1 (credit denskop)) :: BinPatch :: [OS: 10.12.6 | MatchOS: 10.12.x | MatchBuild: All] ==> allowed
4:328  0:000   - [11]: com.apple.iokit.IOAHCIBlockStorage (Enable TRIM for non-Apple SSDs) :: BinPatch :: [OS: 10.12.6 | MatchOS: All | MatchBuild: All] ==> allowed
4:328  0:000   - [12]: com.apple.driver.AppleHDA (AppleHDA .xml.zl to .zml.zl) :: BinPatch :: [OS: 10.12.6 | MatchOS: 10.10.x,10.11.x,10.12.x | MatchBuild: All] ==> disabled by user
4:328  0:000   - [13]: com.apple.driver.usb.AppleUSBXHCIPCI (change 15 port limit to 26 in XHCI kext (100-series)) :: BinPatch :: [OS: 10.12.6 | MatchOS: 10.12.x | MatchBuild: All] ==> disabled by user
4:328  0:000   - [14]: AppleIntelFramebufferCapri (Max Brightness) :: BinPatch :: [OS: 10.12.6 | MatchOS: All | MatchBuild: All] ==> disabled by user
4:328  0:000  Filtering KernelPatches:
4:328  0:000   - [00]: MSR 0xE2 _xcpm_idle instant reboot(c) Pike R. Alpha :: [OS: 10.12.6 | MatchOS: All | MatchBuild: no] ==> allowed by OS
4:328  0:000  Will not patch boot.efi
4:328  0:000  === [ PatchSmbios ] =======================================
4:328  0:000  insert table 9 for dev 0:1
4:328  0:000  insert table 9 for dev 0:0
4:328  0:000  Trusting SMBIOS...
4:328  0:000  Detected alternating SMBIOS channel banks
4:328  0:000  Channels: 2
4:328  0:000  Interleave: 0 2 1 3 4 6 5 7 8 10 9 11 12 14 13 15 16 18 17 19 20 22 21 23
4:328  0:000   partNum=M471B1G73DB0-YK0  
4:328  0:000  SMBIOS Type 17 Index = 0 => 0 0:
4:328  0:000  BANK 0 DIMM0 1600MHz 8192MB
4:329  0:000   partNum=ACR16D3LS1KBGR/4G 
4:329  0:000  SMBIOS Type 17 Index = 1 => 1 2:
4:329  0:000  BANK 1 DIMM0 1600MHz 4096MB
4:329  0:000  mTotalSystemMemory = 12288
4:329  0:000  NumberOfMemoryDevices = 2
4:329  0:000  Type20[0]->End = 0x7FFFFF, Type17[0] = 0x2000
4:329  0:000  Type20[1]->End = 0x3FFFFF, Type17[1] = 0x5000
4:329  0:000  Table 131 is present, CPUType=31
4:329  0:000  Change to: 605
4:329  0:000  === [ PatchACPI ] =========================================
4:329  0:000  Xsdt reallocation done
4:329  0:000  old FADT length=10C
4:329  0:000   SignatureFixup: 0xFBAB5FE7 -> 0x0
4:329  0:000  Apply DsdtFixMask=0x20000000
4:329  0:000     drop _DSM mask=0xFFFF
4:329  0:000  === [ FixBiosDsdt ] =======================================
4:329  0:000  VideoCard devID=0x59178086
4:329  0:000  DisplayADR1[0] = 0x20000, DisplayADR2[0] = 0xFFFE
4:329  0:000  USBADR[0] = 0x140000 and PCIe = 0xFFFE
4:329  0:000  Found Airport BCM at 0x1D0002, 0x0
4:329  0:000  Audio HDA (addr:0x1F0003) setting specified layout-id=3 (0x3)
4:329  0:000  Patching DSDT:
4:329  0:000   - [change OSID to XSID (to avoid match against _OSI XOSI patch)]: disabled
4:329  0:000   - [change _OSI to XOSI]: disabled
4:329  0:000   - [change _DSM to XDSM]: disabled
4:329  0:000   - [change EC0 to EC]: disabled
4:329  0:000   - [change H_EC to EC]: disabled
4:329  0:000   - [change ECDV to EC]: disabled
4:329  0:000   - [change HDAS to HDEF]: pattern 48444153, patched at: [ (28E) (12) (12) (3F9D) (14B3) (84) (D) (2B) (32) (4F) (6F) (C3) (10289) (13DC) ]
4:330  0:000   - [change HECI to IMEI]: pattern 48454349, patched at: [ (E987) ]
4:330  0:000   - [change MEI to IMEI]: pattern 4D45495F, bin not found / already patched!
4:330  0:000   - [change GFX0 to IGPU]: pattern 47465830, patched at: [ (51) (E) (12) (12) (12) (5E) (12) (12) (12) (277) (157) (12) (127) (12) (12) (12) (12) (12) (12) (12) (12) (12) (12) (12) (2A28) (BFC1) (18) (12) (40B) (46) (31E) (36) (294C) (27) (1BA0) (1B23) (14) (74) (152D) (27A3) (10) (10) (10) (10) (10) (10) (10) (10) (10) (10) (19) (10) (10) (10) (10) (8) (93) (10) (10) (10) (10) (10) (10) (10) (10) (10) (8) (8) ]
4:330  0:000   - [change PCI0.VID to IGPU #1 (Thinkpad)]: disabled
4:330  0:000   - [change PCI0.VID to IGPU #2 (Thinkpad)]: disabled
4:330  0:000  first CPU found at 1391E offset 13921
4:330  0:000  score candidate at 1391A
4:330  0:000  score inserted in acpi_cpu_score _PR_
4:330  0:000  Found ACPI CPU: CPU0 | CPU1 | CPU2 | CPU3 | CPU4 | CPU5 | CPU6 | CPU7 , within the score: _PR_
4:330  0:000  Found PCIROOTUID = 0
4:330  0:000  PreCleanup XSDT: count=28, length=260
4:330  0:000  PreCleanup XSDT, corrected XSDT: count=28, length=260
4:330  0:000  === [ ACPIPatchedAML ] ====================================
4:330  0:000  AutoMerge pass 1
4:330  0:000  Unsorted
4:330  0:000  Inserting SSDT-RMCF.aml from EFI\CLOVER\ACPI\patched: ignore on pass 1
4:330  0:000  Inserting SSDT-PNLF.aml from EFI\CLOVER\ACPI\patched: ignore on pass 1
4:330  0:000  === [ ACPIDropTables ] ====================================
4:330  0:000  Drop tables from XSDT, SIGN=DMAR TableID=ACRPRDCT Length=204
4:330  0:000   Table[12]: DMAR  ACRPRDCT  204 dropped
4:330  0:000  === [ PatchAllSSDT ] ======================================
4:330  0:000  Patch table: SSDT  ACRPRDCT len=0x4C3
4:330  0:000  0. [change OSID to XSID (to avoid match against _OSI XOSI patch)]: disabled
4:330  0:000  1. [change _OSI to XOSI]: disabled
4:330  0:000  2. [change _DSM to XDSM]: disabled
4:330  0:000  3. [change EC0 to EC]: disabled
4:330  0:000  4. [change H_EC to EC]: disabled
4:330  0:000  5. [change ECDV to EC]: disabled
4:330  0:000  6. [change HDAS to HDEF]: pattern 48444153, bin not found / already patched!
4:330  0:000  7. [change HECI to IMEI]: pattern 48454349, bin not found / already patched!
4:331  0:000  8. [change MEI to IMEI]: pattern 4D45495F, bin not found / already patched!
4:331  0:000  9. [change GFX0 to IGPU]: pattern 47465830, bin not found / already patched!
4:331  0:000  10. [change PCI0.VID to IGPU #1 (Thinkpad)]: disabled
4:331  0:000  11. [change PCI0.VID to IGPU #2 (Thinkpad)]: disabled
4:331  0:000  Patch table: SSDT  ACRPRDCT len=0x80C
4:331  0:000  0. [change OSID to XSID (to avoid match against _OSI XOSI patch)]: disabled
4:331  0:000  1. [change _OSI to XOSI]: disabled
4:331  0:000  2. [change _DSM to XDSM]: disabled
4:331  0:000  3. [change EC0 to EC]: disabled
4:331  0:000  4. [change H_EC to EC]: disabled
4:331  0:000  5. [change ECDV to EC]: disabled
4:331  0:000  6. [change HDAS to HDEF]: pattern 48444153, bin not found / already patched!
4:331  0:000  7. [change HECI to IMEI]: pattern 48454349, bin not found / already patched!
4:331  0:000  8. [change MEI to IMEI]: pattern 4D45495F, bin not found / already patched!
4:331  0:000  9. [change GFX0 to IGPU]: pattern 47465830, bin not found / already patched!
4:331  0:000  10. [change PCI0.VID to IGPU #1 (Thinkpad)]: disabled
4:331  0:000  11. [change PCI0.VID to IGPU #2 (Thinkpad)]: disabled
4:331  0:000  Patch table: SSDT  ACRPRDCT len=0x1BC
4:331  0:000  0. [change OSID to XSID (to avoid match against _OSI XOSI patch)]: disabled
4:331  0:000  1. [change _OSI to XOSI]: disabled
4:331  0:000  2. [change _DSM to XDSM]: disabled
4:331  0:000  3. [change EC0 to EC]: disabled
4:331  0:000  4. [change H_EC to EC]: disabled
4:331  0:000  5. [change ECDV to EC]: disabled
4:331  0:000  6. [change HDAS to HDEF]: pattern 48444153, bin not found / already patched!
4:331  0:000  7. [change HECI to IMEI]: pattern 48454349, bin not found / already patched!
4:331  0:000  8. [change MEI to IMEI]: pattern 4D45495F, bin not found / already patched!
4:331  0:000  9. [change GFX0 to IGPU]: pattern 47465830, bin not found / already patched!
4:331  0:000  10. [change PCI0.VID to IGPU #1 (Thinkpad)]: disabled
4:331  0:000  11. [change PCI0.VID to IGPU #2 (Thinkpad)]: disabled
4:331  0:000  Patch table: SSDT  ACRPRDCT len=0x346
4:331  0:000  0. [change OSID to XSID (to avoid match against _OSI XOSI patch)]: disabled
4:331  0:000  1. [change _OSI to XOSI]: disabled
4:331  0:000  2. [change _DSM to XDSM]: disabled
4:331  0:000  3. [change EC0 to EC]: disabled
4:331  0:000  4. [change H_EC to EC]: disabled
4:331  0:000  5. [change ECDV to EC]: disabled
4:331  0:000  6. [change HDAS to HDEF]: pattern 48444153, bin not found / already patched!
4:331  0:000  7. [change HECI to IMEI]: pattern 48454349, bin not found / already patched!
4:331  0:000  8. [change MEI to IMEI]: pattern 4D45495F, bin not found / already patched!
4:331  0:000  9. [change GFX0 to IGPU]: pattern 47465830, bin not found / already patched!
4:331  0:000  10. [change PCI0.VID to IGPU #1 (Thinkpad)]: disabled
4:331  0:000  11. [change PCI0.VID to IGPU #2 (Thinkpad)]: disabled
4:331  0:000  Patch table: SSDT  ACRPRDCT len=0x46
4:331  0:000  0. [change OSID to XSID (to avoid match against _OSI XOSI patch)]: disabled
4:331  0:000  1. [change _OSI to XOSI]: disabled
4:331  0:000  2. [change _DSM to XDSM]: disabled
4:331  0:000  3. [change EC0 to EC]: disabled
4:331  0:000  4. [change H_EC to EC]: disabled
4:331  0:000  5. [change ECDV to EC]: disabled
4:331  0:000  6. [change HDAS to HDEF]: pattern 48444153, bin not found / already patched!
4:331  0:000  7. [change HECI to IMEI]: pattern 48454349, bin not found / already patched!
4:331  0:000  8. [change MEI to IMEI]: pattern 4D45495F, bin not found / already patched!
4:331  0:000  9. [change GFX0 to IGPU]: pattern 47465830, bin not found / already patched!
4:331  0:000  10. [change PCI0.VID to IGPU #1 (Thinkpad)]: disabled
4:331  0:000  11. [change PCI0.VID to IGPU #2 (Thinkpad)]: disabled
4:331  0:000  Patch table: SSDT  ACRPRDCT len=0x51E
4:331  0:000  0. [change OSID to XSID (to avoid match against _OSI XOSI patch)]: disabled
4:331  0:000  1. [change _OSI to XOSI]: disabled
4:331  0:000  2. [change _DSM to XDSM]: disabled
4:331  0:000  3. [change EC0 to EC]: disabled
4:331  0:000  4. [change H_EC to EC]: disabled
4:331  0:000  5. [change ECDV to EC]: disabled
4:331  0:000  6. [change HDAS to HDEF]: pattern 48444153, bin not found / already patched!
4:331  0:000  7. [change HECI to IMEI]: pattern 48454349, bin not found / already patched!
4:331  0:000  8. [change MEI to IMEI]: pattern 4D45495F, bin not found / already patched!
4:331  0:000  9. [change GFX0 to IGPU]: pattern 47465830, bin not found / already patched!
4:331  0:000  10. [change PCI0.VID to IGPU #1 (Thinkpad)]: disabled
4:331  0:000  11. [change PCI0.VID to IGPU #2 (Thinkpad)]: disabled
4:331  0:000  Patch table: SSDT  ACRPRDCT len=0xEDE
4:331  0:000  0. [change OSID to XSID (to avoid match against _OSI XOSI patch)]: disabled
4:331  0:000  1. [change _OSI to XOSI]: disabled
4:331  0:000  2. [change _DSM to XDSM]: disabled
4:331  0:000  3. [change EC0 to EC]: disabled
4:331  0:000  4. [change H_EC to EC]: disabled
4:331  0:000  5. [change ECDV to EC]: disabled
4:331  0:000  6. [change HDAS to HDEF]: pattern 48444153, bin not found / already patched!
4:331  0:000  7. [change HECI to IMEI]: pattern 48454349, bin not found / already patched!
4:331  0:000  8. [change MEI to IMEI]: pattern 4D45495F, bin not found / already patched!
4:331  0:000  9. [change GFX0 to IGPU]: pattern 47465830, bin not found / already patched!
4:331  0:000  10. [change PCI0.VID to IGPU #1 (Thinkpad)]: disabled
4:331  0:000  11. [change PCI0.VID to IGPU #2 (Thinkpad)]: disabled
4:331  0:000  Patch table: SSDT  ACRPRDCT len=0x317F
4:331  0:000  0. [change OSID to XSID (to avoid match against _OSI XOSI patch)]: disabled
4:331  0:000  1. [change _OSI to XOSI]: disabled
4:331  0:000  2. [change _DSM to XDSM]: disabled
4:331  0:000  3. [change EC0 to EC]: disabled
4:331  0:000  4. [change H_EC to EC]: disabled
4:331  0:000  5. [change ECDV to EC]: disabled
4:331  0:000  6. [change HDAS to HDEF]: pattern 48444153, bin not found / already patched!
4:331  0:000  7. [change HECI to IMEI]: pattern 48454349, bin not found / already patched!
4:331  0:000  8. [change MEI to IMEI]: pattern 4D45495F, bin not found / already patched!
4:331  0:000  9. [change GFX0 to IGPU]: pattern 47465830, patched at: [ (2D) (E) (46) (25A) (1CB4) (A71) (1D) (6EC) ]
4:331  0:000  10. [change PCI0.VID to IGPU #1 (Thinkpad)]: disabled
4:331  0:000  11. [change PCI0.VID to IGPU #2 (Thinkpad)]: disabled
4:331  0:000  Patch table: SSDT  ACRPRDCT len=0x567A
4:331  0:000  0. [change OSID to XSID (to avoid match against _OSI XOSI patch)]: disabled
4:331  0:000  1. [change _OSI to XOSI]: disabled
4:331  0:000  2. [change _DSM to XDSM]: disabled
4:331  0:000  3. [change EC0 to EC]: disabled
4:331  0:000  4. [change H_EC to EC]: disabled
4:331  0:000  5. [change ECDV to EC]: disabled
4:331  0:000  6. [change HDAS to HDEF]: pattern 48444153, bin not found / already patched!
4:331  0:000  7. [change HECI to IMEI]: pattern 48454349, bin not found / already patched!
4:331  0:000  8. [change MEI to IMEI]: pattern 4D45495F, bin not found / already patched!
4:331  0:000  9. [change GFX0 to IGPU]: pattern 47465830, bin not found / already patched!
4:331  0:000  10. [change PCI0.VID to IGPU #1 (Thinkpad)]: disabled
4:331  0:000  11. [change PCI0.VID to IGPU #2 (Thinkpad)]: disabled
4:331  0:000  Patch table: SSDT  ACRPRDCT len=0x29F
4:331  0:000  0. [change OSID to XSID (to avoid match against _OSI XOSI patch)]: disabled
4:331  0:000  1. [change _OSI to XOSI]: disabled
4:331  0:000  2. [change _DSM to XDSM]: disabled
4:331  0:000  3. [change EC0 to EC]: disabled
4:331  0:000  4. [change H_EC to EC]: disabled
4:331  0:000  5. [change ECDV to EC]: disabled
4:331  0:000  6. [change HDAS to HDEF]: pattern 48444153, bin not found / already patched!
4:331  0:000  7. [change HECI to IMEI]: pattern 48454349, bin not found / already patched!
4:331  0:000  8. [change MEI to IMEI]: pattern 4D45495F, bin not found / already patched!
4:331  0:000  9. [change GFX0 to IGPU]: pattern 47465830, bin not found / already patched!
4:331  0:000  10. [change PCI0.VID to IGPU #1 (Thinkpad)]: disabled
4:331  0:000  11. [change PCI0.VID to IGPU #2 (Thinkpad)]: disabled
4:331  0:000  === [ ACPIPatchedAML ] ====================================
4:331  0:000  AutoMerge pass 2
4:331  0:000  Unsorted
4:331  0:000  Inserting SSDT-RMCF.aml from EFI\CLOVER\ACPI\patched: size=899 ... Success
4:331  0:000  Inserting SSDT-PNLF.aml from EFI\CLOVER\ACPI\patched: size=831 ... Success
4:331  0:000  CPUBase=0 and ApicCPUBase=1 ApicCPUNum=8
4:331  0:000  Maximum control=0x12
4:331  0:000  Turbo control=0x22
4:331  0:000  P-States: min 0x4, max 0x22
4:331  0:000  SSDT with plugin-type without P-States is generated
4:331  0:000  Cleanup XSDT: count=31, length=284
4:331  0:000  corrected XSDT count=30, length=276
4:331  0:000  === [ RestSetup macOS ] ===================================
4:331  0:000  --- Custom EDID Table size:128
4:331  0:000  000  |  00  FF  FF  FF  FF  FF  FF  00  06  10
4:331  0:000  010  |  7C  9C  00  00  00  00  0A  16  01  04
4:331  0:000  020  |  95  22  13  78  06  9A  85  97  5C  57
4:331  0:000  030  |  8E  28  1C  50  54  00  00  00  01  01
4:331  0:000  040  |  01  01  01  01  01  01  01  01  01  01
4:331  0:000  050  |  01  01  01  01  99  36  80  A0  70  38
4:331  0:000  060  |  28  40  30  20  36  00  58  C2  10  00
4:331  0:000  070  |  00  18  AE  2B  80  A0  70  38  28  40
4:331  0:000  080  |  30  20  36  00  58  C2  10  00  00  18
4:331  0:000  090  |  00  00  00  10  00  00  00  00  00  00
4:331  0:000  100  |  00  00  00  00  00  00  00  00  00  00
4:331  0:000  110  |  00  FC  00  4C  4D  31  35  36  4C  46
4:331  0:000  120  |  31  4C  30  33  0A  20  00  07
4:331  0:000      ProductID = 0x9C7C changed to 0x9C7C
4:331  0:000  --- Patched EDID Table size:128
4:331  0:000  000  |  00  FF  FF  FF  FF  FF  FF  00  06  10
4:331  0:000  010  |  7C  9C  00  00  00  00  0A  16  01  04
4:331  0:000  020  |  95  22  13  78  06  9A  85  97  5C  57
4:331  0:000  030  |  8E  28  1C  50  54  00  00  00  01  01
4:331  0:000  040  |  01  01  01  01  01  01  01  01  01  01
4:331  0:000  050  |  01  01  01  01  99  36  80  A0  70  38
4:331  0:000  060  |  28  40  30  20  36  00  58  C2  10  00
4:331  0:000  070  |  00  18  AE  2B  80  A0  70  38  28  40
4:331  0:000  080  |  30  20  36  00  58  C2  10  00  00  18
4:331  0:000  090  |  00  00  00  10  00  00  00  00  00  00
4:331  0:000  100  |  00  00  00  00  00  00  00  00  00  00
4:331  0:000  110  |  00  FC  00  4C  4D  31  35  36  4C  46
4:331  0:000  120  |  31  4C  30  33  0A  20  00  07
4:332  0:000  Intel UHD Graphics 620 [8086:5917] :: PciRoot(0x0)\Pci(0x2,0x0)
4:332  0:000    Found Full HD Display - 16:9 :: Width=1920 Height=1080
4:332  0:000    IntelHDMI: used
4:332  0:000    AAPL00,override-no-connect: added
4:332  0:000    Beginning DualLink auto-detection
4:332  0:000    High Resolution Display
4:332  0:000    AAPL00,DualLink = 1
4:332  0:000    FakeID Intel GFX = 0x19168086
4:332  0:000    ig-platform-id = 0x19160000
4:332  0:000  Intel GFX revision  = 0x7
4:332  0:000   RCBA disabled; cannot use it
4:332  0:000   setting specified layout-id=3 (0x3)
4:332  0:000  stringlength = 2726
4:332  0:000  CurrentMode: Width=1920 Height=1080
4:332  0:000  Beginning FSInjection
FSInjectionInstall ...
- Our FSI_SIMPLE_FILE_SYSTEM_PROTOCOL installed on handle: 7A409CD8
FSInjectionInstall ...
- Our FSI_SIMPLE_FILE_SYSTEM_PROTOCOL installed on handle: 7A409CD8
4:385  0:053  Use origin smbios table type 1 guid.
4:521  0:135    Force kext: System\Library\Extensions\IONetworkingFamily.kext
4:537  0:015      Force PlugIn kext: System\Library\Extensions\IONetworkingFamily.kext\Contents\PlugIns\AppleBCM5701Ethernet.kext
4:557  0:020      Force PlugIn kext: System\Library\Extensions\IONetworkingFamily.kext\Contents\PlugIns\AppleIntel8254XEthernet.kext
4:572  0:015      Force PlugIn kext: System\Library\Extensions\IONetworkingFamily.kext\Contents\PlugIns\AppleIntelI210Ethernet.kext
4:585  0:013      Force PlugIn kext: System\Library\Extensions\IONetworkingFamily.kext\Contents\PlugIns\AppleVmxnet3Ethernet.kext
4:596  0:011      Force PlugIn kext: System\Library\Extensions\IONetworkingFamily.kext\Contents\PlugIns\AppleYukon2.kext
4:640  0:044      Force PlugIn kext: System\Library\Extensions\IONetworkingFamily.kext\Contents\PlugIns\Intel82574L.kext
4:652  0:011      Force PlugIn kext: System\Library\Extensions\IONetworkingFamily.kext\Contents\PlugIns\IOEthernetAVBController.kext
4:662  0:009      Force PlugIn kext: System\Library\Extensions\IONetworkingFamily.kext\Contents\PlugIns\mDNSOffloadUserClient.kext
4:671  0:009      Force PlugIn kext: System\Library\Extensions\IONetworkingFamily.kext\Contents\PlugIns\nvenet.kext
4:684  0:012  Preparing kexts injection for arch=x86_64 from EFI\CLOVER\kexts\Other
4:684  0:000  Extra kext: EFI\CLOVER\kexts\Other\CPUFriendDataProvider.kext (v.1.0.0)
4:691  0:007  Extra kext: EFI\CLOVER\kexts\Other\VoodooI2CHID.kext (v.1)
4:712  0:020  Extra kext: EFI\CLOVER\kexts\Other\VoodooI2C.kext (v.2.0.1)
4:726  0:013    |-- PlugIn kext: EFI\CLOVER\kexts\Other\VoodooI2C.kext\Contents\PlugIns\VoodooI2CServices.kext (v.1)
4:735  0:009    |-- PlugIn kext: EFI\CLOVER\kexts\Other\VoodooI2C.kext\Contents\PlugIns\VoodooGPIO.kext (v.1.1)
4:746  0:010  Extra kext: EFI\CLOVER\kexts\Other\Shiki.kext (v.2.2.0)
4:759  0:013  Extra kext: EFI\CLOVER\kexts\Other\RealtekRTL8111.kext (v.2.2.1)
4:770  0:011  Extra kext: EFI\CLOVER\kexts\Other\Lilu.kext (v.1.2.2)
4:783  0:012  Extra kext: EFI\CLOVER\kexts\Other\IntelGraphicsFixup.kext (v.1.2.3)
4:794  0:011  Extra kext: EFI\CLOVER\kexts\Other\IntelGraphicsDVMTFixup.kext (v.1.2.0)
4:807  0:012  Extra kext: EFI\CLOVER\kexts\Other\FakeSMC.kext (v.1765)
4:830  0:023    |-- PlugIn kext: EFI\CLOVER\kexts\Other\FakeSMC.kext\Contents\PlugIns\FakeSMC_LPCSensors.kext (v.1765)
5:044  0:213    |-- PlugIn kext: EFI\CLOVER\kexts\Other\FakeSMC.kext\Contents\PlugIns\FakeSMC_GPUSensors.kext (v.1765)
5:059  0:015    |-- PlugIn kext: EFI\CLOVER\kexts\Other\FakeSMC.kext\Contents\PlugIns\FakeSMC_CPUSensors.kext (v.1765)
5:070  0:010    |-- PlugIn kext: EFI\CLOVER\kexts\Other\FakeSMC.kext\Contents\PlugIns\FakeSMC_ACPISensors.kext (v.1765)
5:090  0:019  Extra kext: EFI\CLOVER\kexts\Other\FakePCIID.kext (v.1.3.10)
5:098  0:008  Extra kext: EFI\CLOVER\kexts\Other\FakePCIID_Intel_HD_Graphics.kext (v.1.3.10)
5:115  0:016  Extra kext: EFI\CLOVER\kexts\Other\FakePCIID_Broadcom_WiFi.kext (v.1.3.11)
5:125  0:010  Extra kext: EFI\CLOVER\kexts\Other\CodecCommander.kext (v.2.6.3)
5:162  0:036  Extra kext: EFI\CLOVER\kexts\Other\BrcmPatchRAM2.kext (v.2.2.7)
5:320  0:158  Extra kext: EFI\CLOVER\kexts\Other\ApplePS2SmartTouchPad.kext (v.4.6.8)
5:394  0:073    |-- PlugIn kext: EFI\CLOVER\kexts\Other\ApplePS2SmartTouchPad.kext\Contents\PlugIns\ApplePS2Keyboard.kext (v.4.6.8)
5:414  0:019    |-- PlugIn kext: EFI\CLOVER\kexts\Other\ApplePS2SmartTouchPad.kext\Contents\PlugIns\ApplePS2Controller.kext (v.4.6.8)
5:426  0:012  Extra kext: EFI\CLOVER\kexts\Other\AppleALC.kext (v.1.2.2)
5:443  0:016    |-- PlugIn kext: EFI\CLOVER\kexts\Other\AppleALC.kext\Contents\PlugIns\PinConfigs.kext (v.1.0.0)
5:931  0:487  Extra kext: EFI\CLOVER\kexts\Other\ACPIBatteryManager.kext (v.1.81.4)
5:951  0:020  Preparing kexts injection for arch=x86_64 from EFI\CLOVER\kexts\10.12
5:953  0:001  SetStartupDiskVolume:
5:953  0:000    * Volume: 'osx'
5:953  0:000    * LoaderPath: '<null string>'
5:953  0:000    * DevPath: osx
5:953  0:000    * GUID = A0D9BAA8-16CF-45CE-8795-66597D222614
5:964  0:011    * efi-boot-device: <array><dict><key>IOMatch</key><dict><key>IOProviderClass</key><string>IOMedia</string><key>IOPropertyMatch</key><dict><key>UUID</key><string>A0D9BAA8-16CF-45CE-8795-66597D222614</string></dict></dict></dict></array>
5:975  0:011  SetScreenResolution: 1920x1080 - already set
5:975  0:000  Custom boot is disabled
